8:49PM INF Logger level set to trace
Error: target is not a valide pushing mode
Usage:
  lino push {<truncate>|<insert>|<update>|<delete>|<upsert>} [Data Connector Name] [flags]

Examples:
  lino push truncate dstdatabase
  lino push dstdatabase

Flags:
  -a, --autotruncate                    Automatically truncate values to the maximum length defined in table.yaml
  -e, --catch-errors string             Catch errors and write line in file
  -c, --commitSize uint                 Commit size (default 500)
  -d, --disable-constraints             Disable constraint during push
  -h, --help                            help for push
  -i, --ingress-descriptor string       Ingress descriptor filename (default "ingress-descriptor.yaml")
  -l, --log-sql string                  Log SQL requests and data to specified folder (1 file per table)
      --pk-translation stringToString   list of dictionaries old value / new value for primary key update (default [])
      --savepoint string                Name of a file to write primary keys of effectively processed lines (commit to database)
  -t, --table string                    Table to writes json
      --using-pk-field string           Name of the data field that can be used as pk for update queries (default "__usingpk__")
  -w, --watch                           watch statistics about pushed lines

Global Flags:
      --color string                 use colors in log outputs : yes, no or auto (default "auto")
      --debug                        add debug information to logs (very slow)
      --log-json                     output logs in JSON format
      --stats string                 file to output statistics to
      --statsTemplate {{ .Stats }}   template string to format stats (to include them you have to specify them as {{ .Stats }} like `{"software":"LINO","stats":{{ .Stats }}}`)
  -v, --verbosity string             set level of log verbosity : none (0), error (1), warn (2), info (3), debug (4), trace (5) (default "error")

target is not a valide pushing mode
8:50PM INF Logger level set to trace
Error: target is not a valide pushing mode
Usage:
  lino push {<truncate>|<insert>|<update>|<delete>|<upsert>} [Data Connector Name] [flags]

Examples:
  lino push truncate dstdatabase
  lino push dstdatabase

Flags:
  -a, --autotruncate                    Automatically truncate values to the maximum length defined in table.yaml
  -e, --catch-errors string             Catch errors and write line in file
  -c, --commitSize uint                 Commit size (default 500)
  -d, --disable-constraints             Disable constraint during push
  -h, --help                            help for push
  -i, --ingress-descriptor string       Ingress descriptor filename (default "ingress-descriptor.yaml")
  -l, --log-sql string                  Log SQL requests and data to specified folder (1 file per table)
      --pk-translation stringToString   list of dictionaries old value / new value for primary key update (default [])
      --savepoint string                Name of a file to write primary keys of effectively processed lines (commit to database)
  -t, --table string                    Table to writes json
      --using-pk-field string           Name of the data field that can be used as pk for update queries (default "__usingpk__")
  -w, --watch                           watch statistics about pushed lines

Global Flags:
      --color string                 use colors in log outputs : yes, no or auto (default "auto")
      --debug                        add debug information to logs (very slow)
      --log-json                     output logs in JSON format
      --stats string                 file to output statistics to
      --statsTemplate {{ .Stats }}   template string to format stats (to include them you have to specify them as {{ .Stats }} like `{"software":"LINO","stats":{{ .Stats }}}`)
  -v, --verbosity string             set level of log verbosity : none (0), error (1), warn (2), info (3), debug (4), trace (5) (default "error")

target is not a valide pushing mode
